<?xml version="1.0" encoding="UTF-8"?>
<testng-results ignored="0" total="1" passed="1" failed="0" skipped="0">
  <reporter-output>
  </reporter-output>
  <suite started-at="2020-08-04T10:50:18Z" name="InetBankingV1" finished-at="2020-08-04T10:50:42Z" duration-ms="24465">
    <groups>
    </groups>
    <test started-at="2020-08-04T10:50:18Z" name="BankingApp Test" finished-at="2020-08-04T10:50:42Z" duration-ms="24465">
      <class name="com.inetbanking.testCases.TC_AddCustomerTest_003">
        <test-method is-config="true" signature="setup(java.lang.String)[pri:0, instance:com.inetbanking.testCases.TC_AddCustomerTest_003@22635ba0]" started-at="2020-08-04T10:50:18Z" name="setup" finished-at="2020-08-04T10:50:25Z" duration-ms="7152" status="PASS">
          <params>
            <param index="0">
              <value>
                <![CDATA[chrome]]>
              </value>
            </param>
          </params>
          <reporter-output>
          </reporter-output>
        </test-method> <!-- setup -->
        <test-method signature="addNewCustomer()[pri:0, instance:com.inetbanking.testCases.TC_AddCustomerTest_003@22635ba0]" started-at="2020-08-04T10:50:25Z" name="addNewCustomer" finished-at="2020-08-04T10:50:41Z" duration-ms="16452" status="PASS">
          <reporter-output>
          </reporter-output>
        </test-method> <!-- addNewCustomer -->
        <test-method is-config="true" signature="tearDown()[pri:0, instance:com.inetbanking.testCases.TC_AddCustomerTest_003@22635ba0]" started-at="2020-08-04T10:50:41Z" name="tearDown" finished-at="2020-08-04T10:50:42Z" duration-ms="662" status="PASS">
          <reporter-output>
          </reporter-output>
        </test-method> <!-- tearDown -->
      </class> <!-- com.inetbanking.testCases.TC_AddCustomerTest_003 -->
    </test> <!-- BankingApp Test -->
  </suite> <!-- InetBankingV1 -->
</testng-results>
